<?xml version="1.0" encoding="UTF-8"?>
<testsuite xmlns:xsi="http://www.w3.org/2001/XMLSchema-instance" xsi:noNamespaceSchemaLocation="https://maven.apache.org/surefire/maven-surefire-plugin/xsd/surefire-test-report-3.0.xsd" version="3.0" name="org.acme.rest.EnclosureResourceTest" time="0.255" tests="3" errors="0" skipped="0" failures="0">
  <properties>
[...]
</properties>
  <testcase name="getAllEnclosures" classname="org.acme.rest.EnclosureResourceTest" time="0.08">
    <system-err><![CDATA[java.lang.instrument.IllegalClassFormatException: Error while instrumenting org/openapi/quarkus/api_yaml/model/EnclosureViewModel with JaCoCo 0.8.11.202310140853/f33756c.
	at org.jacoco.agent.rt.internal_4742761.CoverageTransformer.transform(CoverageTransformer.java:94)
	at java.instrument/java.lang.instrument.ClassFileTransformer.transform(ClassFileTransformer.java:244)
	at java.instrument/sun.instrument.TransformerManager.transform(TransformerManager.java:188)
	at java.instrument/sun.instrument.InstrumentationImpl.transform(InstrumentationImpl.java:541)
	at java.base/java.lang.ClassLoader.defineClass1(Native Method)
	at java.base/java.lang.ClassLoader.defineClass(ClassLoader.java:1012)
	at io.quarkus.bootstrap.classloading.QuarkusClassLoader.loadClass(QuarkusClassLoader.java:508)
	at io.quarkus.bootstrap.classloading.QuarkusClassLoader.loadClass(QuarkusClassLoader.java:468)
	at org.acme.maps.EnclosureMapperImpl.mapToVm(EnclosureMapperImpl.java:119)
	at org.acme.maps.EnclosureMapperImpl.mapToVm(EnclosureMapperImpl.java:107)
	at org.acme.maps.EnclosureMapperImpl_ClientProxy.mapToVm(Unknown Source)
	at io.smallrye.context.impl.wrappers.SlowContextualFunction.apply(SlowContextualFunction.java:21)
	at io.smallrye.mutiny.operators.uni.UniOnItemTransform$UniOnItemTransformProcessor.onItem(UniOnItemTransform.java:36)
	at io.smallrye.mutiny.operators.uni.builders.UniCreateFromKnownItem$KnownItemSubscription.forward(UniCreateFromKnownItem.java:38)
	at io.smallrye.mutiny.operators.uni.builders.UniCreateFromKnownItem.subscribe(UniCreateFromKnownItem.java:23)
	at io.smallrye.mutiny.operators.AbstractUni.subscribe(AbstractUni.java:36)
	at io.smallrye.mutiny.operators.uni.UniOnItemTransform.subscribe(UniOnItemTransform.java:22)
	at io.smallrye.mutiny.operators.AbstractUni.subscribe(AbstractUni.java:36)
	at io.smallrye.mutiny.operators.uni.UniOnItemTransform.subscribe(UniOnItemTransform.java:22)
	at io.smallrye.mutiny.operators.AbstractUni.subscribe(AbstractUni.java:36)
	at io.smallrye.mutiny.groups.UniSubscribe.withSubscriber(UniSubscribe.java:51)
	at io.smallrye.mutiny.groups.UniSubscribe.with(UniSubscribe.java:110)
	at io.smallrye.mutiny.groups.UniSubscribe.with(UniSubscribe.java:88)
	at org.jboss.resteasy.reactive.server.handlers.UniResponseHandler.handle(UniResponseHandler.java:19)
	at io.quarkus.resteasy.reactive.server.runtime.QuarkusResteasyReactiveRequestContext.invokeHandler(QuarkusResteasyReactiveRequestContext.java:150)
	at org.jboss.resteasy.reactive.common.core.AbstractResteasyReactiveContext.run(AbstractResteasyReactiveContext.java:147)
	at org.jboss.resteasy.reactive.server.handlers.RestInitialHandler.beginProcessing(RestInitialHandler.java:48)
	at org.jboss.resteasy.reactive.server.vertx.ResteasyReactiveVertxHandler.handle(ResteasyReactiveVertxHandler.java:23)
	at org.jboss.resteasy.reactive.server.vertx.ResteasyReactiveVertxHandler.handle(ResteasyReactiveVertxHandler.java:10)
	at io.vertx.ext.web.impl.RouteState.handleContext(RouteState.java:1286)
	at io.vertx.ext.web.impl.RoutingContextImplBase.iterateNext(RoutingContextImplBase.java:177)
	at io.vertx.ext.web.impl.RoutingContextImpl.next(RoutingContextImpl.java:144)
	at io.quarkus.vertx.http.runtime.options.HttpServerCommonHandlers$1.handle(HttpServerCommonHandlers.java:59)
	at io.quarkus.vertx.http.runtime.options.HttpServerCommonHandlers$1.handle(HttpServerCommonHandlers.java:37)
	at io.vertx.ext.web.impl.RouteState.handleContext(RouteState.java:1286)
	at io.vertx.ext.web.impl.RoutingContextImplBase.iterateNext(RoutingContextImplBase.java:177)
	at io.vertx.ext.web.impl.RoutingContextImpl.next(RoutingContextImpl.java:144)
	at io.quarkus.vertx.http.runtime.security.AbstractHttpAuthorizer.doPermissionCheck(AbstractHttpAuthorizer.java:96)
	at io.quarkus.vertx.http.runtime.security.AbstractHttpAuthorizer$2.accept(AbstractHttpAuthorizer.java:113)
	at io.quarkus.vertx.http.runtime.security.AbstractHttpAuthorizer$2.accept(AbstractHttpAuthorizer.java:102)
	at io.smallrye.context.impl.wrappers.SlowContextualConsumer.accept(SlowContextualConsumer.java:21)
	at io.smallrye.mutiny.helpers.UniCallbackSubscriber.onItem(UniCallbackSubscriber.java:73)
	at io.smallrye.mutiny.operators.uni.builders.UniCreateFromKnownItem$KnownItemSubscription.forward(UniCreateFromKnownItem.java:38)
	at io.smallrye.mutiny.operators.uni.builders.UniCreateFromKnownItem.subscribe(UniCreateFromKnownItem.java:23)
	at io.smallrye.mutiny.operators.AbstractUni.subscribe(AbstractUni.java:36)
	at io.smallrye.mutiny.groups.UniSubscribe.withSubscriber(UniSubscribe.java:51)
	at io.smallrye.mutiny.groups.UniSubscribe.with(UniSubscribe.java:110)
	at io.smallrye.mutiny.groups.UniSubscribe.with(UniSubscribe.java:88)
	at io.quarkus.vertx.http.runtime.security.AbstractHttpAuthorizer.doPermissionCheck(AbstractHttpAuthorizer.java:102)
	at io.quarkus.vertx.http.runtime.security.AbstractHttpAuthorizer.checkPermission(AbstractHttpAuthorizer.java:79)
	at io.quarkus.vertx.http.runtime.security.HttpAuthorizer.checkPermission(HttpAuthorizer.java:16)
	at io.quarkus.vertx.http.runtime.security.HttpSecurityRecorder$1.handle(HttpSecurityRecorder.java:52)
	at io.quarkus.vertx.http.runtime.security.HttpSecurityRecorder$1.handle(HttpSecurityRecorder.java:44)
	at io.vertx.ext.web.impl.RouteState.handleContext(RouteState.java:1286)
	at io.vertx.ext.web.impl.RoutingContextImplBase.iterateNext(RoutingContextImplBase.java:177)
	at io.vertx.ext.web.impl.RoutingContextImpl.next(RoutingContextImpl.java:144)
	at io.quarkus.resteasy.reactive.server.runtime.ResteasyReactiveRecorder$13.handle(ResteasyReactiveRecorder.java:339)
	at io.quarkus.resteasy.reactive.server.runtime.ResteasyReactiveRecorder$13.handle(ResteasyReactiveRecorder.java:332)
	at io.vertx.ext.web.impl.RouteState.handleContext(RouteState.java:1286)
	at io.vertx.ext.web.impl.RoutingContextImplBase.iterateNext(RoutingContextImplBase.java:177)
	at io.vertx.ext.web.impl.RoutingContextImpl.next(RoutingContextImpl.java:144)
	at io.quarkus.vertx.http.runtime.security.HttpSecurityRecorder$AbstractAuthenticationHandler$3$1.onItem(HttpSecurityRecorder.java:284)
	at io.quarkus.vertx.http.runtime.security.HttpSecurityRecorder$AbstractAuthenticationHandler$3$1.onItem(HttpSecurityRecorder.java:274)
	at io.smallrye.mutiny.operators.uni.UniOnItemTransformToUni$UniOnItemTransformToUniProcessor.onItem(UniOnItemTransformToUni.java:60)
	at io.smallrye.mutiny.operators.uni.builders.DefaultUniEmitter.complete(DefaultUniEmitter.java:37)
	at io.smallrye.mutiny.groups.UniOnNull.lambda$failWith$1(UniOnNull.java:46)
	at io.smallrye.context.impl.wrappers.SlowContextualBiConsumer.accept(SlowContextualBiConsumer.java:21)
	at io.smallrye.mutiny.groups.UniOnItem.lambda$transformToUni$4(UniOnItem.java:177)
	at io.smallrye.context.impl.wrappers.SlowContextualConsumer.accept(SlowContextualConsumer.java:21)
	at io.smallrye.mutiny.operators.uni.builders.UniCreateWithEmitter.subscribe(UniCreateWithEmitter.java:22)
	at io.smallrye.mutiny.operators.AbstractUni.subscribe(AbstractUni.java:36)
	at io.smallrye.mutiny.operators.uni.UniOnItemTransformToUni$UniOnItemTransformToUniProcessor.performInnerSubscription(UniOnItemTransformToUni.java:81)
	at io.smallrye.mutiny.operators.uni.UniOnItemTransformToUni$UniOnItemTransformToUniProcessor.onItem(UniOnItemTransformToUni.java:57)
	at io.smallrye.mutiny.operators.uni.builders.UniCreateFromKnownItem$KnownItemSubscription.forward(UniCreateFromKnownItem.java:38)
	at io.smallrye.mutiny.operators.uni.builders.UniCreateFromKnownItem.subscribe(UniCreateFromKnownItem.java:23)
	at io.smallrye.mutiny.operators.AbstractUni.subscribe(AbstractUni.java:36)
	at io.smallrye.mutiny.operators.uni.UniOnItemTransformToUni.subscribe(UniOnItemTransformToUni.java:25)
	at io.smallrye.mutiny.operators.AbstractUni.subscribe(AbstractUni.java:36)
	at io.smallrye.mutiny.groups.UniSubscribe.withSubscriber(UniSubscribe.java:51)
	at io.quarkus.vertx.http.runtime.security.HttpSecurityRecorder$AbstractAuthenticationHandler$3.onItem(HttpSecurityRecorder.java:274)
	at io.quarkus.vertx.http.runtime.security.HttpSecurityRecorder$AbstractAuthenticationHandler$3.onItem(HttpSecurityRecorder.java:260)
	at io.smallrye.mutiny.operators.uni.UniMemoizeOp.forwardTo(UniMemoizeOp.java:123)
	at io.smallrye.mutiny.operators.uni.UniMemoizeOp.notifyAwaiters(UniMemoizeOp.java:135)
	at io.smallrye.mutiny.operators.uni.UniMemoizeOp.onItem(UniMemoizeOp.java:97)
	at io.smallrye.mutiny.operators.uni.builders.UniCreateFromItemSupplier.subscribe(UniCreateFromItemSupplier.java:29)
	at io.smallrye.mutiny.operators.AbstractUni.subscribe(AbstractUni.java:36)
	at io.smallrye.mutiny.groups.UniSubscribe.withSubscriber(UniSubscribe.java:51)
	at io.smallrye.mutiny.operators.uni.UniMemoizeOp.subscribe(UniMemoizeOp.java:59)
	at io.smallrye.mutiny.operators.AbstractUni.subscribe(AbstractUni.java:36)
	at io.smallrye.mutiny.groups.UniSubscribe.withSubscriber(UniSubscribe.java:51)
	at io.quarkus.vertx.http.runtime.security.HttpSecurityRecorder$AbstractAuthenticationHandler.handle(HttpSecurityRecorder.java:260)
	at io.quarkus.vertx.http.runtime.security.HttpSecurityRecorder$AbstractAuthenticationHandler.handle(HttpSecurityRecorder.java:208)
	at io.vertx.ext.web.impl.RouteState.handleContext(RouteState.java:1286)
	at io.vertx.ext.web.impl.RoutingContextImplBase.iterateNext(RoutingContextImplBase.java:177)
	at io.vertx.ext.web.impl.RoutingContextImpl.next(RoutingContextImpl.java:144)
	at io.vertx.ext.web.impl.RouterImpl.handle(RouterImpl.java:68)
	at io.vertx.ext.web.impl.RouterImpl.handle(RouterImpl.java:37)
	at io.quarkus.vertx.http.runtime.options.HttpServerCommonHandlers$2.handle(HttpServerCommonHandlers.java:83)
	at io.quarkus.vertx.http.runtime.options.HttpServerCommonHandlers$2.handle(HttpServerCommonHandlers.java:66)
	at io.quarkus.vertx.http.runtime.VertxHttpRecorder$1.handle(VertxHttpRecorder.java:162)
	at io.quarkus.vertx.http.runtime.VertxHttpRecorder$1.handle(VertxHttpRecorder.java:138)
	at io.vertx.core.impl.EventLoopContext.emit(EventLoopContext.java:55)
	at io.vertx.core.impl.DuplicatedContext.emit(DuplicatedContext.java:179)
	at io.vertx.core.http.impl.Http1xServerConnection.handleMessage(Http1xServerConnection.java:174)
	at io.vertx.core.net.impl.ConnectionBase.read(ConnectionBase.java:159)
	at io.vertx.core.net.impl.VertxHandler.channelRead(VertxHandler.java:153)
	at io.netty.channel.AbstractChannelHandlerContext.invokeChannelRead(AbstractChannelHandlerContext.java:442)
	at io.netty.channel.AbstractChannelHandlerContext.invokeChannelRead(AbstractChannelHandlerContext.java:420)
	at io.netty.channel.AbstractChannelHandlerContext.fireChannelRead(AbstractChannelHandlerContext.java:412)
	at io.vertx.core.http.impl.Http1xUpgradeToH2CHandler.channelRead(Http1xUpgradeToH2CHandler.java:124)
	at io.netty.channel.AbstractChannelHandlerContext.invokeChannelRead(AbstractChannelHandlerContext.java:444)
	at io.netty.channel.AbstractChannelHandlerContext.invokeChannelRead(AbstractChannelHandlerContext.java:420)
	at io.netty.channel.AbstractChannelHandlerContext.fireChannelRead(AbstractChannelHandlerContext.java:412)
	at io.netty.handler.timeout.IdleStateHandler.channelRead(IdleStateHandler.java:286)
	at io.netty.channel.AbstractChannelHandlerContext.invokeChannelRead(AbstractChannelHandlerContext.java:442)
	at io.netty.channel.AbstractChannelHandlerContext.invokeChannelRead(AbstractChannelHandlerContext.java:420)
	at io.netty.channel.AbstractChannelHandlerContext.fireChannelRead(AbstractChannelHandlerContext.java:412)
	at io.netty.handler.codec.ByteToMessageDecoder.fireChannelRead(ByteToMessageDecoder.java:346)
	at io.netty.handler.codec.ByteToMessageDecoder.channelRead(ByteToMessageDecoder.java:318)
	at io.netty.channel.AbstractChannelHandlerContext.invokeChannelRead(AbstractChannelHandlerContext.java:444)
	at io.netty.channel.AbstractChannelHandlerContext.invokeChannelRead(AbstractChannelHandlerContext.java:420)
	at io.netty.channel.AbstractChannelHandlerContext.fireChannelRead(AbstractChannelHandlerContext.java:412)
	at io.vertx.core.http.impl.Http1xOrH2CHandler.end(Http1xOrH2CHandler.java:61)
	at io.vertx.core.http.impl.Http1xOrH2CHandler.channelRead(Http1xOrH2CHandler.java:38)
	at io.netty.channel.AbstractChannelHandlerContext.invokeChannelRead(AbstractChannelHandlerContext.java:444)
	at io.netty.channel.AbstractChannelHandlerContext.invokeChannelRead(AbstractChannelHandlerContext.java:420)
	at io.netty.channel.AbstractChannelHandlerContext.fireChannelRead(AbstractChannelHandlerContext.java:412)
	at io.netty.handler.timeout.IdleStateHandler.channelRead(IdleStateHandler.java:286)
	at io.netty.channel.AbstractChannelHandlerContext.invokeChannelRead(AbstractChannelHandlerContext.java:442)
	at io.netty.channel.AbstractChannelHandlerContext.invokeChannelRead(AbstractChannelHandlerContext.java:420)
	at io.netty.channel.AbstractChannelHandlerContext.fireChannelRead(AbstractChannelHandlerContext.java:412)
	at io.netty.channel.DefaultChannelPipeline$HeadContext.channelRead(DefaultChannelPipeline.java:1410)
	at io.netty.channel.AbstractChannelHandlerContext.invokeChannelRead(AbstractChannelHandlerContext.java:440)
	at io.netty.channel.AbstractChannelHandlerContext.invokeChannelRead(AbstractChannelHandlerContext.java:420)
	at io.netty.channel.DefaultChannelPipeline.fireChannelRead(DefaultChannelPipeline.java:919)
	at io.netty.channel.nio.AbstractNioByteChannel$NioByteUnsafe.read(AbstractNioByteChannel.java:166)
	at io.netty.channel.nio.NioEventLoop.processSelectedKey(NioEventLoop.java:788)
	at io.netty.channel.nio.NioEventLoop.processSelectedKeysOptimized(NioEventLoop.java:724)
	at io.netty.channel.nio.NioEventLoop.processSelectedKeys(NioEventLoop.java:650)
	at io.netty.channel.nio.NioEventLoop.run(NioEventLoop.java:562)
	at io.netty.util.concurrent.SingleThreadEventExecutor$4.run(SingleThreadEventExecutor.java:997)
	at io.netty.util.internal.ThreadExecutorMap$2.run(ThreadExecutorMap.java:74)
	at io.netty.util.concurrent.FastThreadLocalRunnable.run(FastThreadLocalRunnable.java:30)
	at java.base/java.lang.Thread.run(Thread.java:842)
Caused by: java.io.IOException: Error while instrumenting org/openapi/quarkus/api_yaml/model/EnclosureViewModel with JaCoCo 0.8.11.202310140853/f33756c.
	at org.jacoco.agent.rt.internal_4742761.core.instr.Instrumenter.instrumentError(Instrumenter.java:161)
	at org.jacoco.agent.rt.internal_4742761.core.instr.Instrumenter.instrument(Instrumenter.java:111)
	at org.jacoco.agent.rt.internal_4742761.CoverageTransformer.transform(CoverageTransformer.java:92)
	... 143 more
Caused by: java.lang.IllegalStateException: Cannot process instrumented class org/openapi/quarkus/api_yaml/model/EnclosureViewModel. Please supply original non-instrumented classes.
	at org.jacoco.agent.rt.internal_4742761.core.internal.instr.InstrSupport.assertNotInstrumented(InstrSupport.java:238)
	at org.jacoco.agent.rt.internal_4742761.core.internal.instr.ClassInstrumenter.visitMethod(ClassInstrumenter.java:65)
	at org.jacoco.agent.rt.internal_4742761.core.internal.flow.ClassProbesAdapter.visitMethod(ClassProbesAdapter.java:66)
	at org.jacoco.agent.rt.internal_4742761.asm.ClassReader.readMethod(ClassReader.java:1354)
	at org.jacoco.agent.rt.internal_4742761.asm.ClassReader.accept(ClassReader.java:745)
	at org.jacoco.agent.rt.internal_4742761.asm.ClassReader.accept(ClassReader.java:425)
	at org.jacoco.agent.rt.internal_4742761.core.instr.Instrumenter.instrument(Instrumenter.java:91)
	at org.jacoco.agent.rt.internal_4742761.core.instr.Instrumenter.instrument(Instrumenter.java:109)
	... 144 more
java.lang.instrument.IllegalClassFormatException: Error while instrumenting org/openapi/quarkus/api_yaml/model/SpaceViewModel with JaCoCo 0.8.11.202310140853/f33756c.
	at org.jacoco.agent.rt.internal_4742761.CoverageTransformer.transform(CoverageTransformer.java:94)
	at java.instrument/java.lang.instrument.ClassFileTransformer.transform(ClassFileTransformer.java:244)
	at java.instrument/sun.instrument.TransformerManager.transform(TransformerManager.java:188)
	at java.instrument/sun.instrument.InstrumentationImpl.transform(InstrumentationImpl.java:541)
	at java.base/java.lang.ClassLoader.defineClass1(Native Method)
	at java.base/java.lang.ClassLoader.defineClass(ClassLoader.java:1012)
	at io.quarkus.bootstrap.classloading.QuarkusClassLoader.loadClass(QuarkusClassLoader.java:508)
	at io.quarkus.bootstrap.classloading.QuarkusClassLoader.loadClass(QuarkusClassLoader.java:468)
	at org.acme.maps.EnclosureMapperImpl.spaceDtoToSpaceViewModel(EnclosureMapperImpl.java:228)
	at org.acme.maps.EnclosureMapperImpl.mapToVm(EnclosureMapperImpl.java:122)
	at org.acme.maps.EnclosureMapperImpl.mapToVm(EnclosureMapperImpl.java:107)
	at org.acme.maps.EnclosureMapperImpl_ClientProxy.mapToVm(Unknown Source)
	at io.smallrye.context.impl.wrappers.SlowContextualFunction.apply(SlowContextualFunction.java:21)
	at io.smallrye.mutiny.operators.uni.UniOnItemTransform$UniOnItemTransformProcessor.onItem(UniOnItemTransform.java:36)
	at io.smallrye.mutiny.operators.uni.builders.UniCreateFromKnownItem$KnownItemSubscription.forward(UniCreateFromKnownItem.java:38)
	at io.smallrye.mutiny.operators.uni.builders.UniCreateFromKnownItem.subscribe(UniCreateFromKnownItem.java:23)
	at io.smallrye.mutiny.operators.AbstractUni.subscribe(AbstractUni.java:36)
	at io.smallrye.mutiny.operators.uni.UniOnItemTransform.subscribe(UniOnItemTransform.java:22)
	at io.smallrye.mutiny.operators.AbstractUni.subscribe(AbstractUni.java:36)
	at io.smallrye.mutiny.operators.uni.UniOnItemTransform.subscribe(UniOnItemTransform.java:22)
	at io.smallrye.mutiny.operators.AbstractUni.subscribe(AbstractUni.java:36)
	at io.smallrye.mutiny.groups.UniSubscribe.withSubscriber(UniSubscribe.java:51)
	at io.smallrye.mutiny.groups.UniSubscribe.with(UniSubscribe.java:110)
	at io.smallrye.mutiny.groups.UniSubscribe.with(UniSubscribe.java:88)
	at org.jboss.resteasy.reactive.server.handlers.UniResponseHandler.handle(UniResponseHandler.java:19)
	at io.quarkus.resteasy.reactive.server.runtime.QuarkusResteasyReactiveRequestContext.invokeHandler(QuarkusResteasyReactiveRequestContext.java:150)
	at org.jboss.resteasy.reactive.common.core.AbstractResteasyReactiveContext.run(AbstractResteasyReactiveContext.java:147)
	at org.jboss.resteasy.reactive.server.handlers.RestInitialHandler.beginProcessing(RestInitialHandler.java:48)
	at org.jboss.resteasy.reactive.server.vertx.ResteasyReactiveVertxHandler.handle(ResteasyReactiveVertxHandler.java:23)
	at org.jboss.resteasy.reactive.server.vertx.ResteasyReactiveVertxHandler.handle(ResteasyReactiveVertxHandler.java:10)
	at io.vertx.ext.web.impl.RouteState.handleContext(RouteState.java:1286)
	at io.vertx.ext.web.impl.RoutingContextImplBase.iterateNext(RoutingContextImplBase.java:177)
	at io.vertx.ext.web.impl.RoutingContextImpl.next(RoutingContextImpl.java:144)
	at io.quarkus.vertx.http.runtime.options.HttpServerCommonHandlers$1.handle(HttpServerCommonHandlers.java:59)
	at io.quarkus.vertx.http.runtime.options.HttpServerCommonHandlers$1.handle(HttpServerCommonHandlers.java:37)
	at io.vertx.ext.web.impl.RouteState.handleContext(RouteState.java:1286)
	at io.vertx.ext.web.impl.RoutingContextImplBase.iterateNext(RoutingContextImplBase.java:177)
	at io.vertx.ext.web.impl.RoutingContextImpl.next(RoutingContextImpl.java:144)
	at io.quarkus.vertx.http.runtime.security.AbstractHttpAuthorizer.doPermissionCheck(AbstractHttpAuthorizer.java:96)
	at io.quarkus.vertx.http.runtime.security.AbstractHttpAuthorizer$2.accept(AbstractHttpAuthorizer.java:113)
	at io.quarkus.vertx.http.runtime.security.AbstractHttpAuthorizer$2.accept(AbstractHttpAuthorizer.java:102)
	at io.smallrye.context.impl.wrappers.SlowContextualConsumer.accept(SlowContextualConsumer.java:21)
	at io.smallrye.mutiny.helpers.UniCallbackSubscriber.onItem(UniCallbackSubscriber.java:73)
	at io.smallrye.mutiny.operators.uni.builders.UniCreateFromKnownItem$KnownItemSubscription.forward(UniCreateFromKnownItem.java:38)
	at io.smallrye.mutiny.operators.uni.builders.UniCreateFromKnownItem.subscribe(UniCreateFromKnownItem.java:23)
	at io.smallrye.mutiny.operators.AbstractUni.subscribe(AbstractUni.java:36)
	at io.smallrye.mutiny.groups.UniSubscribe.withSubscriber(UniSubscribe.java:51)
	at io.smallrye.mutiny.groups.UniSubscribe.with(UniSubscribe.java:110)
	at io.smallrye.mutiny.groups.UniSubscribe.with(UniSubscribe.java:88)
	at io.quarkus.vertx.http.runtime.security.AbstractHttpAuthorizer.doPermissionCheck(AbstractHttpAuthorizer.java:102)
	at io.quarkus.vertx.http.runtime.security.AbstractHttpAuthorizer.checkPermission(AbstractHttpAuthorizer.java:79)
	at io.quarkus.vertx.http.runtime.security.HttpAuthorizer.checkPermission(HttpAuthorizer.java:16)
	at io.quarkus.vertx.http.runtime.security.HttpSecurityRecorder$1.handle(HttpSecurityRecorder.java:52)
	at io.quarkus.vertx.http.runtime.security.HttpSecurityRecorder$1.handle(HttpSecurityRecorder.java:44)
	at io.vertx.ext.web.impl.RouteState.handleContext(RouteState.java:1286)
	at io.vertx.ext.web.impl.RoutingContextImplBase.iterateNext(RoutingContextImplBase.java:177)
	at io.vertx.ext.web.impl.RoutingContextImpl.next(RoutingContextImpl.java:144)
	at io.quarkus.resteasy.reactive.server.runtime.ResteasyReactiveRecorder$13.handle(ResteasyReactiveRecorder.java:339)
	at io.quarkus.resteasy.reactive.server.runtime.ResteasyReactiveRecorder$13.handle(ResteasyReactiveRecorder.java:332)
	at io.vertx.ext.web.impl.RouteState.handleContext(RouteState.java:1286)
	at io.vertx.ext.web.impl.RoutingContextImplBase.iterateNext(RoutingContextImplBase.java:177)
	at io.vertx.ext.web.impl.RoutingContextImpl.next(RoutingContextImpl.java:144)
	at io.quarkus.vertx.http.runtime.security.HttpSecurityRecorder$AbstractAuthenticationHandler$3$1.onItem(HttpSecurityRecorder.java:284)
	at io.quarkus.vertx.http.runtime.security.HttpSecurityRecorder$AbstractAuthenticationHandler$3$1.onItem(HttpSecurityRecorder.java:274)
	at io.smallrye.mutiny.operators.uni.UniOnItemTransformToUni$UniOnItemTransformToUniProcessor.onItem(UniOnItemTransformToUni.java:60)
	at io.smallrye.mutiny.operators.uni.builders.DefaultUniEmitter.complete(DefaultUniEmitter.java:37)
	at io.smallrye.mutiny.groups.UniOnNull.lambda$failWith$1(UniOnNull.java:46)
	at io.smallrye.context.impl.wrappers.SlowContextualBiConsumer.accept(SlowContextualBiConsumer.java:21)
	at io.smallrye.mutiny.groups.UniOnItem.lambda$transformToUni$4(UniOnItem.java:177)
	at io.smallrye.context.impl.wrappers.SlowContextualConsumer.accept(SlowContextualConsumer.java:21)
	at io.smallrye.mutiny.operators.uni.builders.UniCreateWithEmitter.subscribe(UniCreateWithEmitter.java:22)
	at io.smallrye.mutiny.operators.AbstractUni.subscribe(AbstractUni.java:36)
	at io.smallrye.mutiny.operators.uni.UniOnItemTransformToUni$UniOnItemTransformToUniProcessor.performInnerSubscription(UniOnItemTransformToUni.java:81)
	at io.smallrye.mutiny.operators.uni.UniOnItemTransformToUni$UniOnItemTransformToUniProcessor.onItem(UniOnItemTransformToUni.java:57)
	at io.smallrye.mutiny.operators.uni.builders.UniCreateFromKnownItem$KnownItemSubscription.forward(UniCreateFromKnownItem.java:38)
	at io.smallrye.mutiny.operators.uni.builders.UniCreateFromKnownItem.subscribe(UniCreateFromKnownItem.java:23)
	at io.smallrye.mutiny.operators.AbstractUni.subscribe(AbstractUni.java:36)
	at io.smallrye.mutiny.operators.uni.UniOnItemTransformToUni.subscribe(UniOnItemTransformToUni.java:25)
	at io.smallrye.mutiny.operators.AbstractUni.subscribe(AbstractUni.java:36)
	at io.smallrye.mutiny.groups.UniSubscribe.withSubscriber(UniSubscribe.java:51)
	at io.quarkus.vertx.http.runtime.security.HttpSecurityRecorder$AbstractAuthenticationHandler$3.onItem(HttpSecurityRecorder.java:274)
	at io.quarkus.vertx.http.runtime.security.HttpSecurityRecorder$AbstractAuthenticationHandler$3.onItem(HttpSecurityRecorder.java:260)
	at io.smallrye.mutiny.operators.uni.UniMemoizeOp.forwardTo(UniMemoizeOp.java:123)
	at io.smallrye.mutiny.operators.uni.UniMemoizeOp.notifyAwaiters(UniMemoizeOp.java:135)
	at io.smallrye.mutiny.operators.uni.UniMemoizeOp.onItem(UniMemoizeOp.java:97)
	at io.smallrye.mutiny.operators.uni.builders.UniCreateFromItemSupplier.subscribe(UniCreateFromItemSupplier.java:29)
	at io.smallrye.mutiny.operators.AbstractUni.subscribe(AbstractUni.java:36)
	at io.smallrye.mutiny.groups.UniSubscribe.withSubscriber(UniSubscribe.java:51)
	at io.smallrye.mutiny.operators.uni.UniMemoizeOp.subscribe(UniMemoizeOp.java:59)
	at io.smallrye.mutiny.operators.AbstractUni.subscribe(AbstractUni.java:36)
	at io.smallrye.mutiny.groups.UniSubscribe.withSubscriber(UniSubscribe.java:51)
	at io.quarkus.vertx.http.runtime.security.HttpSecurityRecorder$AbstractAuthenticationHandler.handle(HttpSecurityRecorder.java:260)
	at io.quarkus.vertx.http.runtime.security.HttpSecurityRecorder$AbstractAuthenticationHandler.handle(HttpSecurityRecorder.java:208)
	at io.vertx.ext.web.impl.RouteState.handleContext(RouteState.java:1286)
	at io.vertx.ext.web.impl.RoutingContextImplBase.iterateNext(RoutingContextImplBase.java:177)
	at io.vertx.ext.web.impl.RoutingContextImpl.next(RoutingContextImpl.java:144)
	at io.vertx.ext.web.impl.RouterImpl.handle(RouterImpl.java:68)
	at io.vertx.ext.web.impl.RouterImpl.handle(RouterImpl.java:37)
	at io.quarkus.vertx.http.runtime.options.HttpServerCommonHandlers$2.handle(HttpServerCommonHandlers.java:83)
	at io.quarkus.vertx.http.runtime.options.HttpServerCommonHandlers$2.handle(HttpServerCommonHandlers.java:66)
	at io.quarkus.vertx.http.runtime.VertxHttpRecorder$1.handle(VertxHttpRecorder.java:162)
	at io.quarkus.vertx.http.runtime.VertxHttpRecorder$1.handle(VertxHttpRecorder.java:138)
	at io.vertx.core.impl.EventLoopContext.emit(EventLoopContext.java:55)
	at io.vertx.core.impl.DuplicatedContext.emit(DuplicatedContext.java:179)
	at io.vertx.core.http.impl.Http1xServerConnection.handleMessage(Http1xServerConnection.java:174)
	at io.vertx.core.net.impl.ConnectionBase.read(ConnectionBase.java:159)
	at io.vertx.core.net.impl.VertxHandler.channelRead(VertxHandler.java:153)
	at io.netty.channel.AbstractChannelHandlerContext.invokeChannelRead(AbstractChannelHandlerContext.java:442)
	at io.netty.channel.AbstractChannelHandlerContext.invokeChannelRead(AbstractChannelHandlerContext.java:420)
	at io.netty.channel.AbstractChannelHandlerContext.fireChannelRead(AbstractChannelHandlerContext.java:412)
	at io.vertx.core.http.impl.Http1xUpgradeToH2CHandler.channelRead(Http1xUpgradeToH2CHandler.java:124)
	at io.netty.channel.AbstractChannelHandlerContext.invokeChannelRead(AbstractChannelHandlerContext.java:444)
	at io.netty.channel.AbstractChannelHandlerContext.invokeChannelRead(AbstractChannelHandlerContext.java:420)
	at io.netty.channel.AbstractChannelHandlerContext.fireChannelRead(AbstractChannelHandlerContext.java:412)
	at io.netty.handler.timeout.IdleStateHandler.channelRead(IdleStateHandler.java:286)
	at io.netty.channel.AbstractChannelHandlerContext.invokeChannelRead(AbstractChannelHandlerContext.java:442)
	at io.netty.channel.AbstractChannelHandlerContext.invokeChannelRead(AbstractChannelHandlerContext.java:420)
	at io.netty.channel.AbstractChannelHandlerContext.fireChannelRead(AbstractChannelHandlerContext.java:412)
	at io.netty.handler.codec.ByteToMessageDecoder.fireChannelRead(ByteToMessageDecoder.java:346)
	at io.netty.handler.codec.ByteToMessageDecoder.channelRead(ByteToMessageDecoder.java:318)
	at io.netty.channel.AbstractChannelHandlerContext.invokeChannelRead(AbstractChannelHandlerContext.java:444)
	at io.netty.channel.AbstractChannelHandlerContext.invokeChannelRead(AbstractChannelHandlerContext.java:420)
	at io.netty.channel.AbstractChannelHandlerContext.fireChannelRead(AbstractChannelHandlerContext.java:412)
	at io.vertx.core.http.impl.Http1xOrH2CHandler.end(Http1xOrH2CHandler.java:61)
	at io.vertx.core.http.impl.Http1xOrH2CHandler.channelRead(Http1xOrH2CHandler.java:38)
	at io.netty.channel.AbstractChannelHandlerContext.invokeChannelRead(AbstractChannelHandlerContext.java:444)
	at io.netty.channel.AbstractChannelHandlerContext.invokeChannelRead(AbstractChannelHandlerContext.java:420)
	at io.netty.channel.AbstractChannelHandlerContext.fireChannelRead(AbstractChannelHandlerContext.java:412)
	at io.netty.handler.timeout.IdleStateHandler.channelRead(IdleStateHandler.java:286)
	at io.netty.channel.AbstractChannelHandlerContext.invokeChannelRead(AbstractChannelHandlerContext.java:442)
	at io.netty.channel.AbstractChannelHandlerContext.invokeChannelRead(AbstractChannelHandlerContext.java:420)
	at io.netty.channel.AbstractChannelHandlerContext.fireChannelRead(AbstractChannelHandlerContext.java:412)
	at io.netty.channel.DefaultChannelPipeline$HeadContext.channelRead(DefaultChannelPipeline.java:1410)
	at io.netty.channel.AbstractChannelHandlerContext.invokeChannelRead(AbstractChannelHandlerContext.java:440)
	at io.netty.channel.AbstractChannelHandlerContext.invokeChannelRead(AbstractChannelHandlerContext.java:420)
	at io.netty.channel.DefaultChannelPipeline.fireChannelRead(DefaultChannelPipeline.java:919)
	at io.netty.channel.nio.AbstractNioByteChannel$NioByteUnsafe.read(AbstractNioByteChannel.java:166)
	at io.netty.channel.nio.NioEventLoop.processSelectedKey(NioEventLoop.java:788)
	at io.netty.channel.nio.NioEventLoop.processSelectedKeysOptimized(NioEventLoop.java:724)
	at io.netty.channel.nio.NioEventLoop.processSelectedKeys(NioEventLoop.java:650)
	at io.netty.channel.nio.NioEventLoop.run(NioEventLoop.java:562)
	at io.netty.util.concurrent.SingleThreadEventExecutor$4.run(SingleThreadEventExecutor.java:997)
	at io.netty.util.internal.ThreadExecutorMap$2.run(ThreadExecutorMap.java:74)
	at io.netty.util.concurrent.FastThreadLocalRunnable.run(FastThreadLocalRunnable.java:30)
	at java.base/java.lang.Thread.run(Thread.java:842)
Caused by: java.io.IOException: Error while instrumenting org/openapi/quarkus/api_yaml/model/SpaceViewModel with JaCoCo 0.8.11.202310140853/f33756c.
	at org.jacoco.agent.rt.internal_4742761.core.instr.Instrumenter.instrumentError(Instrumenter.java:161)
	at org.jacoco.agent.rt.internal_4742761.core.instr.Instrumenter.instrument(Instrumenter.java:111)
	at org.jacoco.agent.rt.internal_4742761.CoverageTransformer.transform(CoverageTransformer.java:92)
	... 144 more
Caused by: java.lang.IllegalStateException: Cannot process instrumented class org/openapi/quarkus/api_yaml/model/SpaceViewModel. Please supply original non-instrumented classes.
	at org.jacoco.agent.rt.internal_4742761.core.internal.instr.InstrSupport.assertNotInstrumented(InstrSupport.java:238)
	at org.jacoco.agent.rt.internal_4742761.core.internal.instr.ClassInstrumenter.visitMethod(ClassInstrumenter.java:65)
	at org.jacoco.agent.rt.internal_4742761.core.internal.flow.ClassProbesAdapter.visitMethod(ClassProbesAdapter.java:66)
	at org.jacoco.agent.rt.internal_4742761.asm.ClassReader.readMethod(ClassReader.java:1354)
	at org.jacoco.agent.rt.internal_4742761.asm.ClassReader.accept(ClassReader.java:745)
	at org.jacoco.agent.rt.internal_4742761.asm.ClassReader.accept(ClassReader.java:425)
	at org.jacoco.agent.rt.internal_4742761.core.instr.Instrumenter.instrument(Instrumenter.java:91)
	at org.jacoco.agent.rt.internal_4742761.core.instr.Instrumenter.instrument(Instrumenter.java:109)
	... 145 more
]]></system-err>
  </testcase>
  <testcase name="createEnclosure" classname="org.acme.rest.EnclosureResourceTest" time="0.067"/>
  <testcase name="getSingleEnclosure" classname="org.acme.rest.EnclosureResourceTest" time="0.059"/>
</testsuite>